{"/Users/anapaulalopesaraujo/Documents/git/codewars-js-challenge-with-jest/src/strings/mumbling.js": {"path":"/Users/anapaulalopesaraujo/Documents/git/codewars-js-challenge-with-jest/src/strings/mumbling.js","statementMap":{"0":{"start":{"line":1,"column":14},"end":{"line":9,"column":1}},"1":{"start":{"line":2,"column":17},"end":{"line":2,"column":23}},"2":{"start":{"line":3,"column":17},"end":{"line":3,"column":19}},"3":{"start":{"line":4,"column":4},"end":{"line":6,"column":5}},"4":{"start":{"line":4,"column":16},"end":{"line":4,"column":17}},"5":{"start":{"line":5,"column":8},"end":{"line":5,"column":38}},"6":{"start":{"line":7,"column":19},"end":{"line":7,"column":110}},"7":{"start":{"line":7,"column":36},"end":{"line":7,"column":99}},"8":{"start":{"line":8,"column":4},"end":{"line":8,"column":17}},"9":{"start":{"line":11,"column":0},"end":{"line":11,"column":22}}},"fnMap":{"0":{"name":"(anonymous_0)","decl":{"start":{"line":1,"column":14},"end":{"line":1,"column":15}},"loc":{"start":{"line":1,"column":21},"end":{"line":9,"column":1}},"line":1},"1":{"name":"(anonymous_1)","decl":{"start":{"line":7,"column":28},"end":{"line":7,"column":29}},"loc":{"start":{"line":7,"column":36},"end":{"line":7,"column":99}},"line":7}},"branchMap":{},"s":{"0":1,"1":3,"2":3,"3":3,"4":3,"5":15,"6":3,"7":15,"8":3,"9":1},"f":{"0":3,"1":15},"b":{},"_coverageSchema":"1a1c01bbd47fc00a2c39e90264f33305004495a9","hash":"c9029c955631c4c5fba1a737c2dc6e74946453fb"}
}
